SF:lib\l10n\translation_file.dart
DA:63,3
DA:67,1
DA:68,1
DA:260,1
DA:262,1
DA:264,2
DA:267,1
DA:268,3
DA:270,0
DA:274,1
DA:278,1
DA:279,2
DA:280,0
DA:283,0
LF:14
LH:11
end_of_record
SF:lib\wallet\controller\crypto_provider.dart
DA:10,3
DA:11,2
DA:12,2
DA:16,3
DA:17,2
DA:18,2
DA:22,3
DA:23,2
DA:24,2
DA:28,3
DA:29,2
DA:30,2
DA:34,3
DA:35,4
DA:38,3
DA:39,4
LF:16
LH:16
end_of_record
SF:lib\wallet\view\wallet_screen.dart
DA:7,1
DA:9,1
LF:2
LH:2
end_of_record
SF:lib\wallet\widgets\wallet_body.dart
DA:16,2
DA:18,0
DA:20,1
DA:21,1
DA:27,0
DA:28,0
DA:31,1
DA:33,3
DA:35,1
DA:38,1
DA:40,3
DA:41,1
DA:44,1
DA:47,1
DA:48,2
DA:49,1
DA:51,1
DA:52,6
DA:53,1
DA:54,2
DA:56,1
DA:57,1
DA:59,1
DA:60,1
DA:62,2
DA:68,1
DA:70,1
DA:71,1
DA:74,1
DA:75,2
DA:78,0
DA:79,1
DA:86,1
DA:87,4
DA:88,0
DA:90,0
DA:91,0
DA:92,0
DA:93,0
DA:95,0
DA:96,0
DA:98,0
DA:99,0
DA:102,0
DA:104,0
DA:105,0
DA:108,0
DA:109,0
DA:111,0
DA:113,0
DA:115,0
DA:117,0
DA:118,0
DA:127,0
DA:128,1
LF:55
LH:31
end_of_record
SF:lib\convert\controller\providers.dart
DA:4,0
DA:5,0
DA:7,0
DA:8,0
DA:10,0
DA:11,0
DA:13,0
DA:15,0
LF:8
LH:0
end_of_record
SF:lib\l10n\translation_file_en.dart
DA:5,2
DA:7,0
DA:10,1
DA:13,1
DA:16,0
DA:19,0
DA:22,1
DA:25,1
DA:28,0
DA:31,0
DA:34,0
DA:37,0
DA:40,0
DA:43,0
DA:46,0
DA:49,0
DA:52,0
DA:55,0
DA:58,0
DA:61,0
DA:64,0
DA:67,0
DA:70,0
DA:73,0
DA:76,0
DA:79,0
DA:82,0
DA:85,0
LF:28
LH:5
end_of_record
SF:lib\l10n\translation_file_pt.dart
DA:5,0
DA:7,0
DA:10,0
DA:13,0
DA:16,0
DA:19,0
DA:22,0
DA:25,0
DA:28,0
DA:31,0
DA:34,0
DA:37,0
DA:40,0
DA:43,0
DA:46,0
DA:49,0
DA:52,0
DA:55,0
DA:58,0
DA:61,0
DA:64,0
DA:67,0
DA:70,0
DA:73,0
DA:76,0
DA:79,0
DA:82,0
DA:85,0
LF:28
LH:0
end_of_record
SF:lib\shared\models\wallet_model.dart
DA:8,0
LF:1
LH:0
end_of_record
SF:lib\shared\providers\providers.dart
DA:8,4
DA:9,0
DA:10,0
DA:11,0
DA:12,0
DA:14,0
DA:15,3
DA:16,3
DA:19,2
DA:20,1
DA:21,2
DA:24,0
DA:25,0
DA:29,0
LF:14
LH:6
end_of_record
SF:lib\wallet\model\crypto_view_data.dart
DA:11,0
LF:1
LH:0
end_of_record
SF:lib\shared\providers\total_amount_provider.dart
DA:4,3
DA:5,1
DA:17,2
DA:18,4
LF:4
LH:4
end_of_record
SF:lib\shared\widgets\default_navbar.dart
DA:11,1
DA:14,0
DA:16,1
DA:17,1
DA:21,0
DA:22,0
DA:23,0
DA:25,0
DA:26,0
DA:29,0
DA:30,0
DA:37,1
DA:39,1
DA:40,1
DA:41,1
DA:42,1
DA:48,1
DA:53,2
DA:55,1
DA:56,1
DA:62,1
DA:67,2
DA:70,2
DA:71,1
DA:72,1
LF:25
LH:17
end_of_record
SF:lib\shared\widgets\default_subtitle.dart
DA:11,1
DA:18,1
DA:20,1
DA:22,1
DA:23,1
DA:24,1
DA:25,1
DA:26,1
DA:27,2
DA:29,2
DA:33,2
LF:11
LH:11
end_of_record
SF:lib\shared\widgets\default_title.dart
DA:11,1
DA:18,1
DA:20,1
DA:22,1
DA:23,1
DA:24,1
DA:25,1
DA:26,2
DA:27,1
DA:29,2
LF:10
LH:10
end_of_record
SF:lib\shared\widgets\number_formatter.dart
DA:3,3
DA:4,0
DA:5,0
DA:6,0
LF:4
LH:1
end_of_record
SF:lib\wallet\repository\get_list\crypto_repo.dart
DA:7,1
DA:9,1
DA:10,2
DA:11,0
DA:12,0
DA:13,0
LF:6
LH:3
end_of_record
SF:lib\wallet\endpoint\crypto_list_endpoint.dart
DA:5,1
DA:7,1
DA:8,2
DA:10,1
LF:4
LH:4
end_of_record
SF:lib\wallet\usecases\crypto_list\crypto_usecase.dart
DA:8,1
DA:10,1
DA:11,2
DA:12,0
LF:4
LH:3
end_of_record
SF:lib\wallet\usecases\wallet_amount\amount_usecase.dart
DA:10,1
DA:14,1
DA:15,2
DA:16,0
DA:17,0
DA:18,0
DA:19,0
DA:20,0
LF:8
LH:3
end_of_record
SF:lib\wallet\mapper\list_crypto_mapper.dart
DA:8,0
DA:9,0
DA:10,0
DA:11,0
DA:12,0
DA:13,0
DA:14,0
DA:15,0
DA:16,0
DA:17,0
DA:19,0
LF:11
LH:0
end_of_record
SF:lib\wallet\model\crypto_list_view_data.dart
DA:6,0
LF:1
LH:0
end_of_record
SF:lib\wallet\repository\responses\crypto_response.dart
DA:12,0
DA:21,0
DA:22,0
DA:24,0
DA:25,0
DA:26,0
DA:27,0
DA:28,0
DA:30,0
DA:35,0
DA:36,0
DA:37,0
DA:38,0
DA:39,0
DA:40,0
DA:41,0
DA:43,0
LF:17
LH:0
end_of_record
SF:lib\wallet\repository\responses\crypto_response.g.dart
DA:11,0
DA:12,0
DA:13,0
DA:14,0
DA:15,0
DA:16,0
DA:17,0
DA:19,0
DA:22,0
DA:23,0
DA:24,0
DA:25,0
DA:26,0
DA:27,0
DA:28,0
DA:29,0
LF:16
LH:0
end_of_record
SF:lib\wallet\widgets\cripto_item.dart
DA:17,0
DA:21,0
DA:23,0
DA:24,0
DA:28,0
DA:30,0
DA:31,0
DA:32,0
DA:35,0
DA:36,0
DA:39,0
DA:41,0
DA:43,0
DA:44,0
DA:48,0
DA:49,0
DA:50,0
DA:51,0
DA:52,0
DA:53,0
DA:54,0
DA:56,0
DA:58,0
DA:59,0
DA:60,0
DA:66,0
DA:67,0
DA:68,0
DA:69,0
DA:74,0
DA:75,0
DA:76,0
DA:81,0
DA:82,0
DA:83,0
DA:84,0
DA:86,0
DA:87,0
DA:89,0
DA:90,0
DA:91,0
DA:96,0
DA:98,0
DA:109,0
DA:111,0
DA:112,0
DA:113,0
DA:119,0
DA:121,0
LF:49
LH:0
end_of_record
SF:lib\wallet\widgets\hide_button.dart
DA:7,1
DA:9,0
DA:11,1
DA:13,2
DA:15,1
DA:16,0
DA:17,0
LF:7
LH:4
end_of_record
SF:lib\wallet\widgets\total_value.dart
DA:11,1
DA:14,1
DA:16,1
DA:17,1
DA:21,1
DA:23,3
DA:24,1
DA:26,1
DA:27,5
DA:29,1
DA:31,1
LF:11
LH:11
end_of_record
